<?xml version="1.0" encoding="UTF-8"?>
<!-- Generated by org.testng.reporters.JUnitReportReporter -->
<testsuite hostname="DESKTOP-8L3GBEV" failures="0" tests="1" name="testng.Attachfile" time="15.157" errors="0" timestamp="2022-12-17T17:59:39 IST" skipped="0">
  <testcase classname="testng.Attachfile" name="attachFile2" time="15.157"/>
  <system-out/>
</testsuite> <!-- testng.Attachfile -->
