<?xml version="1.0" encoding="UTF-8"?>
<!-- Generated by org.testng.reporters.JUnitReportReporter -->
<testsuite hostname="DESKTOP-8L3GBEV" failures="0" tests="1" name="testng.testNg3" time="7.250" errors="0" timestamp="2022-12-20T14:38:40 IST" skipped="0">
  <testcase classname="testng.testNg3" name="verifygoogletitle" time="7.250"/>
  <system-out/>
</testsuite> <!-- testng.testNg3 -->
