<?xml version="1.0" encoding="UTF-8"?>
<!-- Generated by org.testng.reporters.JUnitReportReporter -->
<testsuite hostname="DESKTOP-8L3GBEV" failures="0" tests="1" name="testng.popup" time="11.881" errors="0" timestamp="2022-12-15T18:09:39 IST" skipped="0">
  <testcase classname="testng.popup" name="ok" time="11.881"/>
  <system-out/>
</testsuite> <!-- testng.popup -->
