<?xml version="1.0" encoding="UTF-8"?>
<!-- Generated by org.testng.reporters.JUnitReportReporter -->
<testsuite hostname="DESKTOP-8L3GBEV" failures="0" tests="1" name="testng.isDisplayedisEnabledisselected" time="6.431" errors="0" timestamp="2022-12-14T14:47:56 IST" skipped="0">
  <testcase classname="testng.isDisplayedisEnabledisselected" name="isSelectedfac" time="6.431"/>
  <system-out/>
</testsuite> <!-- testng.isDisplayedisEnabledisselected -->
