<?xml version="1.0" encoding="UTF-8"?>
<!-- Generated by org.testng.reporters.JUnitReportReporter -->
<testsuite hostname="DESKTOP-8L3GBEV" failures="0" tests="6" name="testng.Test1" time="111.135" errors="0" timestamp="2022-12-20T14:27:46 IST" skipped="0">
  <testcase classname="testng.Test1" name="myntra" time="45.783"/>
  <system-out/>
  <testcase classname="testng.Test1" name="twitter" time="19.870"/>
  <system-out/>
  <testcase classname="testng.Test1" name="flipkart" time="17.392"/>
  <system-out/>
  <testcase classname="testng.Test1" name="google" time="9.905"/>
  <system-out/>
  <testcase classname="testng.Test1" name="facebook" time="3.597"/>
  <system-out/>
  <testcase classname="testng.Test1" name="gmail" time="14.588"/>
  <system-out/>
</testsuite> <!-- testng.Test1 -->
