<?xml version="1.0" encoding="UTF-8"?>
<!-- Generated by org.testng.reporters.JUnitReportReporter -->
<testsuite hostname="DESKTOP-8L3GBEV" failures="0" tests="6" name="testng.Testng2" time="6.086" errors="0" timestamp="2022-12-12T18:26:22 IST" skipped="5">
  <testcase classname="testng.Testng2" name="test2" time="6.086"/>
  <system-out/>
  <testcase classname="testng.Testng2" name="test1">
    <skipped/>
  </testcase> <!-- test1 -->
  <system-out/>
  <testcase classname="testng.Testng2" name="gmail">
    <skipped/>
  </testcase> <!-- gmail -->
  <system-out/>
  <testcase classname="testng.Testng2" name="method1">
    <skipped/>
  </testcase> <!-- method1 -->
  <system-out/>
  <testcase classname="testng.Testng2" name="method2">
    <skipped/>
  </testcase> <!-- method2 -->
  <system-out/>
  <testcase classname="testng.Testng2" name="facebook">
    <skipped/>
  </testcase> <!-- facebook -->
  <system-out/>
</testsuite> <!-- testng.Testng2 -->
