<?xml version="1.0" encoding="UTF-8"?>
<!-- Generated by org.testng.reporters.JUnitReportReporter -->
<testsuite hostname="DESKTOP-8L3GBEV" failures="0" tests="1" name="testng.scrollupdown" time="3.367" errors="0" timestamp="2022-12-15T15:55:52 IST" skipped="0">
  <testcase classname="testng.scrollupdown" name="selectWebElement" time="3.367"/>
  <system-out/>
</testsuite> <!-- testng.scrollupdown -->
